<?xml version="1.0" encoding="UTF-8"?>
<!-- Generated by org.testng.reporters.JUnitXMLReporter -->
<testsuite ignored="0" hostname="Prashant" failures="0" tests="5" name="Test" time="36.155" errors="0" timestamp="2024-03-10T22:54:09 IST">
  <testcase classname="com.xyzbank.qa.testcases.AddNewCustomerTest" name="verifyManagerLogin" time="2.151"/>
  <testcase classname="com.xyzbank.qa.testcases.OpenNewAccountTest" name="createAccount" time="2.539"/>
  <testcase classname="com.xyzbank.qa.testcases.SearchCustomerTest" name="verifySearch" time="2.025"/>
  <testcase classname="com.xyzbank.qa.testcases.HomepageTest" name="homePageTest" time="0.822"/>
  <testcase classname="com.xyzbank.qa.testcases.LoginTest" name="verifyLogin" time="3.267"/>
</testsuite> <!-- Test -->
