<?xml version="1.0" encoding="UTF-8"?>
<!-- Generated by org.testng.reporters.JUnitXMLReporter -->
<testsuite ignored="0" hostname="Prashant" failures="0" tests="5" name="Test" time="38.341" errors="0" timestamp="2024-03-10T22:55:39 IST">
  <testcase classname="com.xyzbank.qa.testcases.AddNewCustomerTest" name="verifyManagerLogin" time="3.175"/>
  <testcase classname="com.xyzbank.qa.testcases.OpenNewAccountTest" name="createAccount" time="2.307"/>
  <testcase classname="com.xyzbank.qa.testcases.SearchCustomerTest" name="verifySearch" time="3.346"/>
  <testcase classname="com.xyzbank.qa.testcases.HomepageTest" name="homePageTest" time="0.778"/>
  <testcase classname="com.xyzbank.qa.testcases.LoginTest" name="verifyLogin" time="2.617"/>
</testsuite> <!-- Test -->
